<?xml version="1.0" encoding="UTF-8"?>
<!-- Generated by org.testng.reporters.JUnitReportReporter -->
<testsuite skipped="0" hostname="Sony" name="testngpackage.firstngfile" tests="1" failures="0" timestamp="26 Mar 2018 16:50:41 GMT" time="0.865" errors="0">
  <testcase name="verifyHomepageTitle" time="0.865" classname="testngpackage.firstngfile"/>
</testsuite> <!-- testngpackage.firstngfile -->
