<?xml version="1.0" encoding="UTF-8"?>
<!-- Generated by org.testng.reporters.JUnitReportReporter -->
<testsuite skipped="0" hostname="Sony" name="testngpackage.AutomationPractice1" tests="2" failures="0" timestamp="07 Apr 2018 16:29:15 GMT" time="74.621" errors="0">
  <testcase name="f" time="31.701" classname="testngpackage.AutomationPractice1"/>
  <testcase name="e" time="42.920" classname="testngpackage.AutomationPractice1"/>
</testsuite> <!-- testngpackage.AutomationPractice1 -->
