<?xml version="1.0" encoding="UTF-8"?>
<!-- Generated by org.testng.reporters.JUnitReportReporter -->
<testsuite skipped="0" hostname="Sony" name="testngpackage.NewTestng" tests="1" failures="0" timestamp="21 Mar 2018 15:29:18 GMT" time="0.062" errors="0">
  <testcase name="f" time="0.062" classname="testngpackage.NewTestng"/>
</testsuite> <!-- testngpackage.NewTestng -->
