<?xml version="1.0" encoding="UTF-8"?>
<!-- Generated by org.testng.reporters.JUnitReportReporter -->
<testsuite skipped="0" hostname="Sony" name="com.parameterspackage.ParameterTest" tests="1" failures="0" timestamp="27 Mar 2018 17:16:12 GMT" time="22.176" errors="0">
  <testcase name="flipkartLoginTest" time="22.176" classname="com.parameterspackage.ParameterTest"/>
</testsuite> <!-- com.parameterspackage.ParameterTest -->
