<?xml version="1.0" encoding="UTF-8"?>
<!-- Generated by org.testng.reporters.JUnitReportReporter -->
<testsuite skipped="0" hostname="Sony" name="testngpackage.Facebook" tests="2" failures="0" timestamp="27 Mar 2018 10:57:10 GMT" time="22.365" errors="0">
  <testcase name="launchbrowser" time="15.725" classname="testngpackage.Facebook"/>
  <testcase name="g" time="6.640" classname="testngpackage.Facebook"/>
</testsuite> <!-- testngpackage.Facebook -->
