<?xml version="1.0" encoding="UTF-8"?>
<!-- Generated by org.testng.reporters.JUnitReportReporter -->
<testsuite skipped="0" hostname="Sony" name="testngpackage.fk" tests="1" failures="0" timestamp="02 Apr 2018 17:50:50 GMT" time="8.662" errors="0">
  <testcase name="login" time="8.662" classname="testngpackage.fk"/>
</testsuite> <!-- testngpackage.fk -->
