<?xml version="1.0" encoding="UTF-8"?>
<!-- Generated by org.testng.reporters.JUnitReportReporter -->
<testsuite skipped="0" hostname="Sony" name="testngpackage.FLipkart" tests="3" failures="0" timestamp="27 Mar 2018 10:57:09 GMT" time="32.835" errors="0">
  <testcase name="e" time="9.043" classname="testngpackage.FLipkart"/>
  <testcase name="f" time="9.782" classname="testngpackage.FLipkart"/>
  <testcase name="launchbrowser" time="14.010" classname="testngpackage.FLipkart"/>
</testsuite> <!-- testngpackage.FLipkart -->
