<?xml version="1.0" encoding="UTF-8"?>
<!-- Generated by org.testng.reporters.JUnitReportReporter -->
<testsuite skipped="0" hostname="Sony" name="testngpackage.Automationpractice" tests="1" failures="0" timestamp="07 Apr 2018 16:29:15 GMT" time="24.681" errors="0">
  <testcase name="g" time="24.681" classname="testngpackage.Automationpractice"/>
</testsuite> <!-- testngpackage.Automationpractice -->
