<?xml version="1.0" encoding="UTF-8"?>
<!-- Generated by org.testng.reporters.JUnitReportReporter -->
<testsuite skipped="0" hostname="Sony" name="testngpackage.Automationpractice" tests="1" failures="0" timestamp="06 Apr 2018 02:01:26 GMT" time="23.047" errors="0">
  <testcase name="g" time="23.047" classname="testngpackage.Automationpractice"/>
</testsuite> <!-- testngpackage.Automationpractice -->
